[debug] [2025-06-18T07:58:57.234Z] ----------------------------------------------------------------------
[debug] [2025-06-18T07:58:57.236Z] Command:       /usr/local/bin/firebase /home/student-04-295c82b8318f/.cache/firebase/tools/lib/node_modules/firebase-tools/lib/bin/firebase init
[debug] [2025-06-18T07:58:57.237Z] CLI Version:   14.7.0
[debug] [2025-06-18T07:58:57.237Z] Platform:      linux
[debug] [2025-06-18T07:58:57.237Z] Node Version:  v20.18.2
[debug] [2025-06-18T07:58:57.237Z] Time:          Wed Jun 18 2025 07:58:57 GMT+0000 (Coordinated Universal Time)
[debug] [2025-06-18T07:58:57.237Z] ----------------------------------------------------------------------
[debug] 
[debug] [2025-06-18T07:58:57.240Z] >>> [apiv2][query] GET https://firebase-public.firebaseio.com/cli.json [none]
[debug] [2025-06-18T07:58:57.847Z] > command requires scopes: ["email","openid","https://www.googleapis.com/auth/cloudplatformprojects.readonly","https://www.googleapis.com/auth/firebase","https://www.googleapis.com/auth/cloud-platform"]
[debug] [2025-06-18T07:58:57.881Z] Running auto auth
[info] 
     ######## #### ########  ######## ########     ###     ######  ########
     ##        ##  ##     ## ##       ##     ##  ##   ##  ##       ##
     ######    ##  ########  ######   ########  #########  ######  ######
     ##        ##  ##    ##  ##       ##     ## ##     ##       ## ##
     ##       #### ##     ## ######## ########  ##     ##  ######  ########

You're about to initialize a Firebase project in this directory:

  /home/student-04-295c82b8318f/my_hugo_site

Before we get started, keep in mind:

  * You are initializing within an existing Firebase project directory

[debug] [2025-06-18T07:58:57.971Z] <<< [apiv2][status] GET https://firebase-public.firebaseio.com/cli.json 200
[debug] [2025-06-18T07:58:57.972Z] <<< [apiv2][body] GET https://firebase-public.firebaseio.com/cli.json {"cloudBuildErrorAfter":1594252800000,"cloudBuildWarnAfter":1590019200000,"defaultNode10After":1594252800000,"minVersion":"3.0.5","node8DeploysDisabledAfter":1613390400000,"node8RuntimeDisabledAfter":1615809600000,"node8WarnAfter":1600128000000}
[info] 
=== Project Setup
[info] 
[info] First, let's associate this project directory with a Firebase project.
[info] You can create multiple project aliases by running firebase use --add, 
[info] but for now we'll just set up a default project.
[info] 
[debug] [2025-06-18T08:00:36.863Z] Using project from CLI flag: qwiklabs-gcp-03-7257d9741060
[debug] [2025-06-18T08:00:36.864Z] No OAuth tokens found
[debug] [2025-06-18T08:00:36.864Z] >>> [apiv2][query] GET https://firebase.googleapis.com/v1beta1/projects/qwiklabs-gcp-03-7257d9741060 [none]
[debug] [2025-06-18T08:00:37.164Z] <<< [apiv2][status] GET https://firebase.googleapis.com/v1beta1/projects/qwiklabs-gcp-03-7257d9741060 403
[debug] [2025-06-18T08:00:37.164Z] <<< [apiv2][body] GET https://firebase.googleapis.com/v1beta1/projects/qwiklabs-gcp-03-7257d9741060 {"error":{"code":403,"message":"The caller does not have permission","status":"PERMISSION_DENIED"}}
[debug] [2025-06-18T08:00:37.165Z] Request to https://firebase.googleapis.com/v1beta1/projects/qwiklabs-gcp-03-7257d9741060 had HTTP Error: 403, The caller does not have permission
[debug] [2025-06-18T08:00:37.166Z] FirebaseError: Request to https://firebase.googleapis.com/v1beta1/projects/qwiklabs-gcp-03-7257d9741060 had HTTP Error: 403, The caller does not have permission
    at responseToError (/home/student-04-295c82b8318f/.cache/firebase/tools/lib/node_modules/firebase-tools/lib/responseToError.js:52:12)
    at RetryOperation._fn (/home/student-04-295c82b8318f/.cache/firebase/tools/lib/node_modules/firebase-tools/lib/apiv2.js:312:77)
    at process.processTicksAndRejections (node:internal/process/task_queues:95:5)
[error] 
[error] Error: Failed to get Firebase project qwiklabs-gcp-03-7257d9741060. Please make sure the project exists and your account has permission to access it.
